<?xml version="1.0" encoding="UTF-8"?>
<testng-results ignored="0" total="2" passed="2" failed="0" skipped="0">
  <reporter-output>
  </reporter-output>
  <suite started-at="2021-06-23T22:58:06 IST" name="Tests" finished-at="2021-06-23T22:58:38 IST" duration-ms="32197">
    <groups>
    </groups>
    <test started-at="2021-06-23T22:58:06 IST" name="Test1" finished-at="2021-06-23T22:58:38 IST" duration-ms="32197">
      <class name="Thinkbridge.Question2.SignUp">
        <test-method is-config="true" signature="initDriver()[pri:0, instance:Thinkbridge.Question2.SignUp@1a052a00]" started-at="2021-06-23T22:58:06 IST" name="initDriver" finished-at="2021-06-23T22:58:10 IST" duration-ms="3802" status="PASS">
          <reporter-output>
          </reporter-output>
        </test-method> <!-- initDriver -->
        <test-method is-config="true" signature="initElements()[pri:0, instance:Thinkbridge.Question2.SignUp@1a052a00]" started-at="2021-06-23T22:58:10 IST" name="initElements" finished-at="2021-06-23T22:58:20 IST" duration-ms="10223" status="PASS">
          <reporter-output>
          </reporter-output>
        </test-method> <!-- initElements -->
        <test-method signature="checkingDropDownValues()[pri:1, instance:Thinkbridge.Question2.SignUp@1a052a00]" started-at="2021-06-23T22:58:20 IST" name="checkingDropDownValues" finished-at="2021-06-23T22:58:21 IST" duration-ms="332" status="PASS">
          <reporter-output>
          </reporter-output>
        </test-method> <!-- checkingDropDownValues -->
        <test-method is-config="true" signature="initElements()[pri:0, instance:Thinkbridge.Question2.SignUp@1a052a00]" started-at="2021-06-23T22:58:21 IST" name="initElements" finished-at="2021-06-23T22:58:22 IST" duration-ms="1691" status="PASS">
          <reporter-output>
          </reporter-output>
        </test-method> <!-- initElements -->
        <test-method signature="checkingWelcomeEmail()[pri:2, instance:Thinkbridge.Question2.SignUp@1a052a00]" started-at="2021-06-23T22:58:22 IST" name="checkingWelcomeEmail" finished-at="2021-06-23T22:58:38 IST" duration-ms="16090" status="PASS">
          <reporter-output>
          </reporter-output>
        </test-method> <!-- checkingWelcomeEmail -->
      </class> <!-- Thinkbridge.Question2.SignUp -->
    </test> <!-- Test1 -->
  </suite> <!-- Tests -->
</testng-results>
