<?xml version="1.0" encoding="UTF-8"?>
<testsuite xmlns:xsi="http://www.w3.org/2001/XMLSchema-instance" xsi:noNamespaceSchemaLocation="https://maven.apache.org/surefire/maven-surefire-plugin/xsd/surefire-test-report.xsd" name="TestSuite" time="33.204" tests="2" errors="0" skipped="0" failures="0">
  <properties>
[...]
</properties>
  <testcase name="checkingDropDownValues" classname="Thinkbridge.Question2.SignUp" time="0.336"/>
  <testcase name="checkingWelcomeEmail" classname="Thinkbridge.Question2.SignUp" time="16.091"/>
</testsuite>